Using pre-set license
Built from '2022.3/staging' branch; Version is '2022.3.4f1 (35713cd46cd7) revision 3502396'; Using compiler version '192829333'; Build Type 'Release'
OS: 'Windows 11  (10.0.22621) 64bit Core' Language: 'en' Physical Memory: 16251 MB
BatchMode: 1, IsHumanControllingUs: 0, StartBugReporterOnCrash: 0, Is64bit: 1, IsPro: 1

COMMAND LINE ARGUMENTS:
D:\UnityHub\2022.3.4f1\Editor\Unity.exe
-adb2
-batchMode
-noUpm
-name
AssetImportWorker0
-projectPath
D:/UnityProjects/Kitchen-Chaos-Unity/KitchenChaos
-logFile
Logs/AssetImportWorker0.log
-srvPort
34870
Successfully changed project path to: D:/UnityProjects/Kitchen-Chaos-Unity/KitchenChaos
D:/UnityProjects/Kitchen-Chaos-Unity/KitchenChaos
[UnityMemory] Configuration Parameters - Can be set up in boot.config
    "memorysetup-bucket-allocator-granularity=16"
    "memorysetup-bucket-allocator-bucket-count=8"
    "memorysetup-bucket-allocator-block-size=33554432"
    "memorysetup-bucket-allocator-block-count=8"
    "memorysetup-main-allocator-block-size=16777216"
    "memorysetup-thread-allocator-block-size=16777216"
    "memorysetup-gfx-main-allocator-block-size=16777216"
    "memorysetup-gfx-thread-allocator-block-size=16777216"
    "memorysetup-cache-allocator-block-size=4194304"
    "memorysetup-typetree-allocator-block-size=2097152"
    "memorysetup-profiler-bucket-allocator-granularity=16"
    "memorysetup-profiler-bucket-allocator-bucket-count=8"
    "memorysetup-profiler-bucket-allocator-block-size=33554432"
    "memorysetup-profiler-bucket-allocator-block-count=8"
    "memorysetup-profiler-allocator-block-size=16777216"
    "memorysetup-profiler-editor-allocator-block-size=1048576"
    "memorysetup-temp-allocator-size-main=16777216"
    "memorysetup-job-temp-allocator-block-size=2097152"
    "memorysetup-job-temp-allocator-block-size-background=1048576"
    "memorysetup-job-temp-allocator-reduction-small-platforms=262144"
    "memorysetup-allocator-temp-initial-block-size-main=262144"
    "memorysetup-allocator-temp-initial-block-size-worker=262144"
    "memorysetup-temp-allocator-size-background-worker=32768"
    "memorysetup-temp-allocator-size-job-worker=262144"
    "memorysetup-temp-allocator-size-preload-manager=33554432"
    "memorysetup-temp-allocator-size-nav-mesh-worker=65536"
    "memorysetup-temp-allocator-size-audio-worker=65536"
    "memorysetup-temp-allocator-size-cloud-worker=32768"
    "memorysetup-temp-allocator-size-gi-baking-worker=262144"
    "memorysetup-temp-allocator-size-gfx=262144"
Player connection [24540] Host "[IP] 192.168.1.11 [Port] 0 [Flags] 2 [Guid] 1626401941 [EditorId] 1626401941 [Version] 1048832 [Id] WindowsEditor(7,STEF-PC) [Debug] 1 [PackageName] WindowsEditor [ProjectName] Editor" joined multi-casting on [225.0.0.222:54997]...

Player connection [24540] Host "[IP] 192.168.1.11 [Port] 0 [Flags] 2 [Guid] 1626401941 [EditorId] 1626401941 [Version] 1048832 [Id] WindowsEditor(7,STEF-PC) [Debug] 1 [PackageName] WindowsEditor [ProjectName] Editor" joined alternative multi-casting on [225.0.0.222:34997]...

Refreshing native plugins compatible for Editor in 129.93 ms, found 3 plugins.
Preloading 0 native plugins for Editor in 0.00 ms.
Initialize engine version: 2022.3.4f1 (35713cd46cd7)
[Subsystems] Discovering subsystems at path D:/UnityHub/2022.3.4f1/Editor/Data/Resources/UnitySubsystems
[Subsystems] Discovering subsystems at path D:/UnityProjects/Kitchen-Chaos-Unity/KitchenChaos/Assets
GfxDevice: creating device client; threaded=0; jobified=0
Direct3D:
    Version:  Direct3D 11.0 [level 11.1]
    Renderer: NVIDIA GeForce GTX 1650 (ID=0x1f99)
    Vendor:   NVIDIA
    VRAM:     3949 MB
    Driver:   31.0.15.3667
Initialize mono
Mono path[0] = 'D:/UnityHub/2022.3.4f1/Editor/Data/Managed'
Mono path[1] = 'D:/UnityHub/2022.3.4f1/Editor/Data/MonoBleedingEdge/lib/mono/unityjit-win32'
Mono config path = 'D:/UnityHub/2022.3.4f1/Editor/Data/MonoBleedingEdge/etc'
Using monoOptions --debugger-agent=transport=dt_socket,embedding=1,server=y,suspend=n,address=127.0.0.1:56032
Begin MonoManager ReloadAssembly
Registering precompiled unity dll's ...
Register platform support module: D:/UnityHub/2022.3.4f1/Editor/Data/PlaybackEngines/WindowsStandaloneSupport/UnityEditor.WindowsStandalone.Extensions.dll
Registered in 0.036129 seconds.
- Loaded All Assemblies, in  2.331 seconds
Native extension for WindowsStandalone target not found
Mono: successfully reloaded assembly
- Finished resetting the current domain, in  1.957 seconds
Domain Reload Profiling: 4285ms
	BeginReloadAssembly (525ms)
		ExecutionOrderSort (0ms)
		DisableScriptedObjects (0ms)
		BackupInstance (0ms)
		ReleaseScriptingObjects (0ms)
		CreateAndSetChildDomain (3ms)
	RebuildCommonClasses (300ms)
	RebuildNativeTypeToScriptingClass (69ms)
	initialDomainReloadingComplete (577ms)
	LoadAllAssembliesAndSetupDomain (854ms)
		LoadAssemblies (524ms)
		RebuildTransferFunctionScriptingTraits (0ms)
		AnalyzeDomain (814ms)
			TypeCache.Refresh (809ms)
				TypeCache.ScanAssembly (752ms)
			ScanForSourceGeneratedMonoScriptInfo (1ms)
			ResolveRequiredComponents (4ms)
	FinalizeReload (1961ms)
		ReleaseScriptCaches (0ms)
		RebuildScriptCaches (0ms)
		SetupLoadedEditorAssemblies (1719ms)
			LogAssemblyErrors (0ms)
			InitializePlatformSupportModulesInManaged (28ms)
			SetLoadedEditorAssemblies (25ms)
			RefreshPlugins (0ms)
			BeforeProcessingInitializeOnLoad (8ms)
			ProcessInitializeOnLoadAttributes (686ms)
			ProcessInitializeOnLoadMethodAttributes (968ms)
			AfterProcessingInitializeOnLoad (0ms)
			EditorAssembliesLoaded (2ms)
		ExecutionOrderSort2 (0ms)
		AwakeInstancesAfterBackupRestoration (0ms)
========================================================================
Worker process is ready to serve import requests

=================================================================
	Native Crash Reporting
=================================================================
Got a UNKNOWN while executing native code. This usually indicates
a fatal error in the mono runtime or one of the native libraries 
used by your application.
=================================================================

=================================================================
	Managed Stacktrace:
=================================================================
=================================================================
Received signal SIGSEGV
Obtained 34 stack frames
0x00007ff79ac84e08 (Unity) <lambda_d05d5e75be935d4c7a1d6bcf37fde5d9>::operator()
0x00007ff79ac92dac (Unity) InitializeUnsafeUtilityTempMallocLabel
0x00007ff79ac95c8a (Unity) DualThreadAllocator<DynamicHeapAllocator>::Reallocate
0x00007ff79ac8caf9 (Unity) MemoryManager::Reallocate
0x00007ff79ac8f68c (Unity) VerifyPtrIntegrity
0x00007ff79a595cf4 (Unity) NavMeshBuilderBindings::UpdateNavMeshDataAsyncListInternal
0x00007ff79b1acf14 (Unity) CalcDecodedSizePrecise
0x00007ff79ac63408 (Unity) SpriteMeshExtractor
0x00007ff79b41ad4c (Unity) core::Finalizer<<lambda_a9155e2036882e97542c6527360d94a0> >::~Finalizer<<lambda_a9155e2036882e97542c6527360d94a0> >
0x00007ff79b435579 (Unity) ReadLocalIdentifier<1,__int64>
0x00007ff79b433835 (Unity) ReadLocalIdentifier<1,__int64>
0x00007ff79b44169d (Unity) OutOfBoundsReadingError
0x00007ff79b43f9f6 (Unity) GetRegistry
0x00007ff79b421041 (Unity) ExtractVector
0x00007ff79b42042a (Unity) ExtractVector
0x00007ff79b426272 (Unity) PrepareLoadObjects
0x00007ff79b426c01 (Unity) PrepareLoadObjects
0x00007ff79b4269bc (Unity) PrepareLoadObjects
0x00007ff79a56ef0b (Unity) `anonymous namespace'::`dynamic initializer for 'sTickDuration''
0x00007ff79b321c59 (Unity) PrepareFrameJobFunc
0x00007ff79c7f971e (Unity) MatchSpecificAsset
0x00007ff79c7ee01a (Unity) <lambda_e4c09a862f47a773e31babb76239f51f>::operator()
0x00007ff79c8276f2 (Unity) asio::detail::completion_handler<core::mutable_function<void __cdecl(void)>,asio::io_context::basic_executor_type<std::allocator<void>,0> >::do_complete
0x00007ff79c81369e (Unity) asio::detail::win_iocp_io_context::do_one
0x00007ff79c8152ce (Unity) asio::detail::win_iocp_io_context::run
0x00007ff79c825a9c (Unity) IOService::Run
0x00007ff79c7fa25f (Unity) AssetImportWorkerClient::Run
0x00007ff79c7c4f67 (Unity) RunAssetImportWorkerClientV2
0x00007ff79c7c4feb (Unity) RunAssetImporterV2
0x00007ff79bfcab91 (Unity) Application::InitializeProject
0x00007ff79c44f525 (Unity) WinMain
0x00007ff79d8342fe (Unity) __scrt_common_main_seh
0x00007fff1b6a26ad (KERNEL32) BaseThreadInitThunk
0x00007fff1cfaaa68 (ntdll) 

